{"D:\\stijn\\school\\CloudServices\\EindOpdracht\\KroegentochCS\\models\\models.js":{"path":"D:\\stijn\\school\\CloudServices\\EindOpdracht\\KroegentochCS\\models\\models.js","s":{"1":1,"2":1,"3":1,"4":1,"5":1,"6":1},"b":{},"f":{"1":1},"fnMap":{"1":{"name":"(anonymous_1)","line":1,"loc":{"start":{"line":1,"column":20},"end":{"line":1,"column":30}}}},"statementMap":{"1":{"start":{"line":1,"column":0},"end":{"line":6,"column":2}},"2":{"start":{"line":2,"column":4},"end":{"line":2,"column":25}},"3":{"start":{"line":3,"column":4},"end":{"line":3,"column":29}},"4":{"start":{"line":4,"column":4},"end":{"line":4,"column":25}},"5":{"start":{"line":5,"column":4},"end":{"line":5,"column":31}},"6":{"start":{"line":8,"column":0},"end":{"line":8,"column":31}}},"branchMap":{}},"D:\\stijn\\school\\CloudServices\\EindOpdracht\\KroegentochCS\\models\\user.js":{"path":"D:\\stijn\\school\\CloudServices\\EindOpdracht\\KroegentochCS\\models\\user.js","s":{"1":1,"2":1,"3":1,"4":1,"5":0,"6":1,"7":0,"8":1},"b":{},"f":{"1":0,"2":0},"fnMap":{"1":{"name":"(anonymous_1)","line":12,"loc":{"start":{"line":12,"column":34},"end":{"line":12,"column":54}}},"2":{"name":"(anonymous_2)","line":17,"loc":{"start":{"line":17,"column":35},"end":{"line":17,"column":55}}}},"statementMap":{"1":{"start":{"line":1,"column":0},"end":{"line":1,"column":35}},"2":{"start":{"line":2,"column":0},"end":{"line":2,"column":38}},"3":{"start":{"line":4,"column":0},"end":{"line":9,"column":3}},"4":{"start":{"line":12,"column":0},"end":{"line":14,"column":2}},"5":{"start":{"line":13,"column":4},"end":{"line":13,"column":66}},"6":{"start":{"line":17,"column":0},"end":{"line":19,"column":2}},"7":{"start":{"line":18,"column":4},"end":{"line":18,"column":61}},"8":{"start":{"line":21,"column":0},"end":{"line":21,"column":52}}},"branchMap":{}},"D:\\stijn\\school\\CloudServices\\EindOpdracht\\KroegentochCS\\models\\waypoint.js":{"path":"D:\\stijn\\school\\CloudServices\\EindOpdracht\\KroegentochCS\\models\\waypoint.js","s":{"1":1,"2":1,"3":1,"4":1},"b":{},"f":{},"fnMap":{},"statementMap":{"1":{"start":{"line":1,"column":0},"end":{"line":1,"column":35}},"2":{"start":{"line":2,"column":0},"end":{"line":7,"column":3}},"3":{"start":{"line":9,"column":0},"end":{"line":9,"column":58}},"4":{"start":{"line":10,"column":0},"end":{"line":10,"column":26}}},"branchMap":{}},"D:\\stijn\\school\\CloudServices\\EindOpdracht\\KroegentochCS\\models\\race.js":{"path":"D:\\stijn\\school\\CloudServices\\EindOpdracht\\KroegentochCS\\models\\race.js","s":{"1":1,"2":1,"3":1,"4":1},"b":{},"f":{},"fnMap":{},"statementMap":{"1":{"start":{"line":1,"column":0},"end":{"line":1,"column":35}},"2":{"start":{"line":3,"column":0},"end":{"line":8,"column":3}},"3":{"start":{"line":10,"column":0},"end":{"line":10,"column":46}},"4":{"start":{"line":11,"column":0},"end":{"line":11,"column":22}}},"branchMap":{}},"D:\\stijn\\school\\CloudServices\\EindOpdracht\\KroegentochCS\\models\\completion.js":{"path":"D:\\stijn\\school\\CloudServices\\EindOpdracht\\KroegentochCS\\models\\completion.js","s":{"1":1,"2":1,"3":1,"4":1},"b":{},"f":{},"fnMap":{},"statementMap":{"1":{"start":{"line":1,"column":0},"end":{"line":1,"column":35}},"2":{"start":{"line":3,"column":0},"end":{"line":7,"column":3}},"3":{"start":{"line":9,"column":0},"end":{"line":9,"column":58}},"4":{"start":{"line":10,"column":0},"end":{"line":10,"column":22}}},"branchMap":{}},"D:\\stijn\\school\\CloudServices\\EindOpdracht\\KroegentochCS\\routes\\races.js":{"path":"D:\\stijn\\school\\CloudServices\\EindOpdracht\\KroegentochCS\\routes\\races.js","s":{"1":1,"2":1,"3":1,"4":1,"5":1,"6":1,"7":1,"8":0,"9":0,"10":1,"11":1,"12":1,"13":1,"14":0,"15":0,"16":0,"17":0,"18":0,"19":0,"20":0,"21":0,"22":0,"23":1,"24":0,"25":0,"26":0,"27":0,"28":0,"29":0,"30":1,"31":0,"32":0,"33":0,"34":0,"35":0,"36":0,"37":0,"38":0,"39":0,"40":0,"41":0,"42":0,"43":0,"44":0,"45":0,"46":0,"47":0,"48":0,"49":1,"50":0,"51":0,"52":0,"53":0,"54":0,"55":0,"56":0,"57":0,"58":0,"59":0,"60":0,"61":0,"62":0,"63":1,"64":0,"65":0,"66":0,"67":0,"68":0,"69":0,"70":0,"71":0,"72":0,"73":0,"74":0,"75":0,"76":0,"77":0,"78":0,"79":0,"80":0,"81":0,"82":0,"83":0,"84":0,"85":0,"86":0,"87":0,"88":0,"89":0,"90":0,"91":0,"92":0,"93":0,"94":0,"95":0,"96":1,"97":0,"98":0,"99":0,"100":0,"101":0,"102":0,"103":1,"104":0,"105":0,"106":0,"107":0,"108":0,"109":0,"110":0,"111":0,"112":0,"113":0,"114":0,"115":0,"116":0,"117":0,"118":1,"119":0,"120":0,"121":0,"122":0,"123":0,"124":0,"125":0,"126":0,"127":0,"128":0,"129":0,"130":0,"131":0,"132":0,"133":0,"134":0,"135":0,"136":0,"137":0,"138":0,"139":0,"140":1,"141":0,"142":0,"143":0,"144":0,"145":0,"146":0,"147":0,"148":0,"149":0,"150":0,"151":0,"152":0,"153":0,"154":1,"155":0,"156":0,"157":0,"158":0,"159":0,"160":1,"161":0,"162":0,"163":0,"164":0,"165":0,"166":0,"167":0,"168":0,"169":1,"170":1,"171":1,"172":1,"173":1,"174":1,"175":1,"176":1},"b":{"1":[0,1],"2":[1,0],"3":[0,0],"4":[0,0],"5":[0,0],"6":[0,0],"7":[0,0],"8":[0,0],"9":[0,0],"10":[0,0],"11":[0,0],"12":[0,0],"13":[0,0],"14":[0,0],"15":[0,0],"16":[0,0],"17":[0,0],"18":[0,0],"19":[0,0],"20":[0,0],"21":[0,0],"22":[0,0],"23":[0,0],"24":[0,0],"25":[0,0],"26":[0,0],"27":[0,0],"28":[0,0],"29":[0,0],"30":[0,0],"31":[0,0],"32":[0,0],"33":[0,0],"34":[0,0],"35":[0,0],"36":[0,0],"37":[0,0],"38":[0,0],"39":[0,0],"40":[0,0],"41":[0,0],"42":[0,0]},"f":{"1":1,"2":1,"3":1,"4":0,"5":0,"6":0,"7":0,"8":0,"9":0,"10":0,"11":0,"12":0,"13":0,"14":0,"15":0,"16":0,"17":0,"18":0,"19":0,"20":0,"21":0,"22":0,"23":0,"24":0,"25":0,"26":0,"27":0,"28":0,"29":0},"fnMap":{"1":{"name":"getRaces","line":6,"loc":{"start":{"line":6,"column":0},"end":{"line":6,"column":27}}},"2":{"name":"(anonymous_2)","line":10,"loc":{"start":{"line":10,"column":14},"end":{"line":10,"column":34}}},"3":{"name":"addRace","line":20,"loc":{"start":{"line":20,"column":0},"end":{"line":20,"column":26}}},"4":{"name":"(anonymous_4)","line":32,"loc":{"start":{"line":32,"column":21},"end":{"line":32,"column":42}}},"5":{"name":"getRace","line":45,"loc":{"start":{"line":45,"column":0},"end":{"line":45,"column":26}}},"6":{"name":"(anonymous_6)","line":50,"loc":{"start":{"line":50,"column":14},"end":{"line":50,"column":33}}},"7":{"name":"updateRace","line":61,"loc":{"start":{"line":61,"column":0},"end":{"line":61,"column":29}}},"8":{"name":"(anonymous_8)","line":66,"loc":{"start":{"line":66,"column":69},"end":{"line":66,"column":91}}},"9":{"name":"(anonymous_9)","line":78,"loc":{"start":{"line":78,"column":81},"end":{"line":78,"column":100}}},"10":{"name":"deleteRace","line":96,"loc":{"start":{"line":96,"column":0},"end":{"line":96,"column":29}}},"11":{"name":"(anonymous_11)","line":101,"loc":{"start":{"line":101,"column":69},"end":{"line":101,"column":91}}},"12":{"name":"(anonymous_12)","line":109,"loc":{"start":{"line":109,"column":55},"end":{"line":109,"column":68}}},"13":{"name":"addUsers","line":123,"loc":{"start":{"line":123,"column":0},"end":{"line":123,"column":27}}},"14":{"name":"(anonymous_14)","line":143,"loc":{"start":{"line":143,"column":18},"end":{"line":143,"column":37}}},"15":{"name":"(anonymous_15)","line":163,"loc":{"start":{"line":163,"column":82},"end":{"line":163,"column":101}}},"16":{"name":"getUsers","line":184,"loc":{"start":{"line":184,"column":0},"end":{"line":184,"column":27}}},"17":{"name":"(anonymous_17)","line":188,"loc":{"start":{"line":188,"column":14},"end":{"line":188,"column":34}}},"18":{"name":"deleteUser","line":199,"loc":{"start":{"line":199,"column":0},"end":{"line":199,"column":29}}},"19":{"name":"(anonymous_19)","line":206,"loc":{"start":{"line":206,"column":69},"end":{"line":206,"column":91}}},"20":{"name":"(anonymous_20)","line":212,"loc":{"start":{"line":212,"column":105},"end":{"line":212,"column":124}}},"21":{"name":"addWaypoints","line":226,"loc":{"start":{"line":226,"column":0},"end":{"line":226,"column":31}}},"22":{"name":"(anonymous_22)","line":232,"loc":{"start":{"line":232,"column":69},"end":{"line":232,"column":91}}},"23":{"name":"(anonymous_23)","line":248,"loc":{"start":{"line":248,"column":83},"end":{"line":248,"column":102}}},"24":{"name":"deleteWaypoint","line":266,"loc":{"start":{"line":266,"column":0},"end":{"line":266,"column":33}}},"25":{"name":"(anonymous_25)","line":271,"loc":{"start":{"line":271,"column":69},"end":{"line":271,"column":91}}},"26":{"name":"(anonymous_26)","line":277,"loc":{"start":{"line":277,"column":110},"end":{"line":277,"column":129}}},"27":{"name":"addCheckedinUser","line":291,"loc":{"start":{"line":291,"column":0},"end":{"line":291,"column":35}}},"28":{"name":"getCheckedinUsers","line":303,"loc":{"start":{"line":303,"column":0},"end":{"line":303,"column":36}}},"29":{"name":"(anonymous_29)","line":309,"loc":{"start":{"line":309,"column":18},"end":{"line":309,"column":38}}}},"statementMap":{"1":{"start":{"line":1,"column":0},"end":{"line":1,"column":33}},"2":{"start":{"line":2,"column":0},"end":{"line":2,"column":30}},"3":{"start":{"line":3,"column":0},"end":{"line":3,"column":35}},"4":{"start":{"line":4,"column":0},"end":{"line":4,"column":35}},"5":{"start":{"line":6,"column":0},"end":{"line":18,"column":1}},"6":{"start":{"line":7,"column":4},"end":{"line":17,"column":11}},"7":{"start":{"line":11,"column":12},"end":{"line":16,"column":13}},"8":{"start":{"line":12,"column":16},"end":{"line":12,"column":33}},"9":{"start":{"line":13,"column":16},"end":{"line":13,"column":48}},"10":{"start":{"line":15,"column":16},"end":{"line":15,"column":32}},"11":{"start":{"line":20,"column":0},"end":{"line":43,"column":1}},"12":{"start":{"line":21,"column":4},"end":{"line":41,"column":5}},"13":{"start":{"line":22,"column":8},"end":{"line":22,"column":22}},"14":{"start":{"line":24,"column":8},"end":{"line":24,"column":35}},"15":{"start":{"line":25,"column":8},"end":{"line":25,"column":29}},"16":{"start":{"line":27,"column":8},"end":{"line":30,"column":11}},"17":{"start":{"line":32,"column":8},"end":{"line":40,"column":11}},"18":{"start":{"line":33,"column":12},"end":{"line":39,"column":13}},"19":{"start":{"line":34,"column":16},"end":{"line":34,"column":33}},"20":{"start":{"line":35,"column":16},"end":{"line":35,"column":47}},"21":{"start":{"line":37,"column":16},"end":{"line":37,"column":36}},"22":{"start":{"line":38,"column":16},"end":{"line":38,"column":33}},"23":{"start":{"line":45,"column":0},"end":{"line":59,"column":1}},"24":{"start":{"line":46,"column":4},"end":{"line":58,"column":11}},"25":{"start":{"line":51,"column":12},"end":{"line":57,"column":13}},"26":{"start":{"line":52,"column":16},"end":{"line":52,"column":33}},"27":{"start":{"line":53,"column":16},"end":{"line":53,"column":47}},"28":{"start":{"line":55,"column":16},"end":{"line":55,"column":31}},"29":{"start":{"line":56,"column":16},"end":{"line":56,"column":34}},"30":{"start":{"line":61,"column":0},"end":{"line":94,"column":1}},"31":{"start":{"line":62,"column":4},"end":{"line":93,"column":5}},"32":{"start":{"line":63,"column":8},"end":{"line":63,"column":22}},"33":{"start":{"line":66,"column":8},"end":{"line":92,"column":11}},"34":{"start":{"line":67,"column":12},"end":{"line":91,"column":13}},"35":{"start":{"line":68,"column":16},"end":{"line":71,"column":17}},"36":{"start":{"line":69,"column":20},"end":{"line":69,"column":72}},"37":{"start":{"line":70,"column":20},"end":{"line":70,"column":27}},"38":{"start":{"line":74,"column":16},"end":{"line":74,"column":46}},"39":{"start":{"line":76,"column":16},"end":{"line":90,"column":17}},"40":{"start":{"line":77,"column":20},"end":{"line":77,"column":52}},"41":{"start":{"line":78,"column":20},"end":{"line":86,"column":23}},"42":{"start":{"line":79,"column":24},"end":{"line":85,"column":25}},"43":{"start":{"line":80,"column":28},"end":{"line":80,"column":45}},"44":{"start":{"line":81,"column":28},"end":{"line":81,"column":63}},"45":{"start":{"line":83,"column":28},"end":{"line":83,"column":46}},"46":{"start":{"line":84,"column":28},"end":{"line":84,"column":43}},"47":{"start":{"line":88,"column":20},"end":{"line":88,"column":41}},"48":{"start":{"line":89,"column":20},"end":{"line":89,"column":50}},"49":{"start":{"line":96,"column":0},"end":{"line":121,"column":1}},"50":{"start":{"line":97,"column":4},"end":{"line":120,"column":5}},"51":{"start":{"line":98,"column":8},"end":{"line":98,"column":22}},"52":{"start":{"line":101,"column":8},"end":{"line":119,"column":11}},"53":{"start":{"line":102,"column":12},"end":{"line":118,"column":13}},"54":{"start":{"line":103,"column":16},"end":{"line":106,"column":17}},"55":{"start":{"line":104,"column":20},"end":{"line":104,"column":72}},"56":{"start":{"line":105,"column":20},"end":{"line":105,"column":27}},"57":{"start":{"line":109,"column":16},"end":{"line":117,"column":19}},"58":{"start":{"line":110,"column":20},"end":{"line":116,"column":21}},"59":{"start":{"line":111,"column":24},"end":{"line":111,"column":41}},"60":{"start":{"line":112,"column":24},"end":{"line":112,"column":58}},"61":{"start":{"line":114,"column":24},"end":{"line":114,"column":53}},"62":{"start":{"line":115,"column":24},"end":{"line":115,"column":62}},"63":{"start":{"line":123,"column":0},"end":{"line":182,"column":1}},"64":{"start":{"line":124,"column":4},"end":{"line":128,"column":5}},"65":{"start":{"line":125,"column":8},"end":{"line":125,"column":39}},"66":{"start":{"line":127,"column":8},"end":{"line":127,"column":40}},"67":{"start":{"line":130,"column":4},"end":{"line":181,"column":5}},"68":{"start":{"line":131,"column":8},"end":{"line":131,"column":26}},"69":{"start":{"line":132,"column":8},"end":{"line":136,"column":9}},"70":{"start":{"line":133,"column":12},"end":{"line":133,"column":50}},"71":{"start":{"line":135,"column":12},"end":{"line":135,"column":59}},"72":{"start":{"line":139,"column":8},"end":{"line":139,"column":30}},"73":{"start":{"line":140,"column":8},"end":{"line":177,"column":15}},"74":{"start":{"line":144,"column":16},"end":{"line":159,"column":21}},"75":{"start":{"line":145,"column":20},"end":{"line":159,"column":21}},"76":{"start":{"line":146,"column":24},"end":{"line":158,"column":25}},"77":{"start":{"line":147,"column":28},"end":{"line":150,"column":29}},"78":{"start":{"line":148,"column":32},"end":{"line":148,"column":49}},"79":{"start":{"line":149,"column":32},"end":{"line":149,"column":53}},"80":{"start":{"line":152,"column":28},"end":{"line":157,"column":29}},"81":{"start":{"line":153,"column":32},"end":{"line":156,"column":33}},"82":{"start":{"line":154,"column":36},"end":{"line":154,"column":53}},"83":{"start":{"line":155,"column":36},"end":{"line":155,"column":57}},"84":{"start":{"line":160,"column":16},"end":{"line":176,"column":17}},"85":{"start":{"line":163,"column":20},"end":{"line":173,"column":23}},"86":{"start":{"line":164,"column":24},"end":{"line":172,"column":25}},"87":{"start":{"line":165,"column":28},"end":{"line":165,"column":45}},"88":{"start":{"line":166,"column":28},"end":{"line":166,"column":67}},"89":{"start":{"line":167,"column":31},"end":{"line":172,"column":25}},"90":{"start":{"line":168,"column":28},"end":{"line":168,"column":60}},"91":{"start":{"line":170,"column":28},"end":{"line":170,"column":46}},"92":{"start":{"line":171,"column":28},"end":{"line":171,"column":43}},"93":{"start":{"line":175,"column":20},"end":{"line":175,"column":67}},"94":{"start":{"line":179,"column":8},"end":{"line":179,"column":29}},"95":{"start":{"line":180,"column":8},"end":{"line":180,"column":38}},"96":{"start":{"line":184,"column":0},"end":{"line":197,"column":1}},"97":{"start":{"line":185,"column":4},"end":{"line":196,"column":11}},"98":{"start":{"line":189,"column":12},"end":{"line":195,"column":13}},"99":{"start":{"line":190,"column":16},"end":{"line":190,"column":33}},"100":{"start":{"line":191,"column":16},"end":{"line":191,"column":48}},"101":{"start":{"line":193,"column":16},"end":{"line":193,"column":32}},"102":{"start":{"line":194,"column":16},"end":{"line":194,"column":35}},"103":{"start":{"line":199,"column":0},"end":{"line":224,"column":1}},"104":{"start":{"line":200,"column":4},"end":{"line":223,"column":5}},"105":{"start":{"line":201,"column":8},"end":{"line":201,"column":22}},"106":{"start":{"line":204,"column":8},"end":{"line":204,"column":69}},"107":{"start":{"line":206,"column":8},"end":{"line":222,"column":11}},"108":{"start":{"line":207,"column":12},"end":{"line":221,"column":13}},"109":{"start":{"line":208,"column":16},"end":{"line":211,"column":17}},"110":{"start":{"line":209,"column":20},"end":{"line":209,"column":102}},"111":{"start":{"line":210,"column":20},"end":{"line":210,"column":27}},"112":{"start":{"line":212,"column":16},"end":{"line":220,"column":19}},"113":{"start":{"line":213,"column":20},"end":{"line":219,"column":21}},"114":{"start":{"line":214,"column":24},"end":{"line":214,"column":41}},"115":{"start":{"line":215,"column":24},"end":{"line":215,"column":58}},"116":{"start":{"line":217,"column":24},"end":{"line":217,"column":42}},"117":{"start":{"line":218,"column":24},"end":{"line":218,"column":39}},"118":{"start":{"line":226,"column":0},"end":{"line":264,"column":1}},"119":{"start":{"line":227,"column":4},"end":{"line":263,"column":5}},"120":{"start":{"line":228,"column":8},"end":{"line":228,"column":22}},"121":{"start":{"line":232,"column":8},"end":{"line":262,"column":11}},"122":{"start":{"line":233,"column":12},"end":{"line":261,"column":13}},"123":{"start":{"line":234,"column":16},"end":{"line":237,"column":17}},"124":{"start":{"line":235,"column":20},"end":{"line":235,"column":71}},"125":{"start":{"line":236,"column":20},"end":{"line":236,"column":27}},"126":{"start":{"line":238,"column":16},"end":{"line":238,"column":51}},"127":{"start":{"line":240,"column":16},"end":{"line":260,"column":17}},"128":{"start":{"line":241,"column":20},"end":{"line":241,"column":39}},"129":{"start":{"line":242,"column":20},"end":{"line":247,"column":21}},"130":{"start":{"line":243,"column":24},"end":{"line":243,"column":68}},"131":{"start":{"line":246,"column":24},"end":{"line":246,"column":77}},"132":{"start":{"line":248,"column":20},"end":{"line":256,"column":23}},"133":{"start":{"line":249,"column":24},"end":{"line":255,"column":25}},"134":{"start":{"line":250,"column":28},"end":{"line":250,"column":45}},"135":{"start":{"line":251,"column":28},"end":{"line":251,"column":66}},"136":{"start":{"line":253,"column":28},"end":{"line":253,"column":46}},"137":{"start":{"line":254,"column":28},"end":{"line":254,"column":43}},"138":{"start":{"line":258,"column":20},"end":{"line":258,"column":41}},"139":{"start":{"line":259,"column":20},"end":{"line":259,"column":50}},"140":{"start":{"line":266,"column":0},"end":{"line":289,"column":1}},"141":{"start":{"line":267,"column":4},"end":{"line":288,"column":5}},"142":{"start":{"line":268,"column":8},"end":{"line":268,"column":22}},"143":{"start":{"line":271,"column":8},"end":{"line":287,"column":11}},"144":{"start":{"line":272,"column":12},"end":{"line":286,"column":13}},"145":{"start":{"line":273,"column":16},"end":{"line":276,"column":17}},"146":{"start":{"line":274,"column":20},"end":{"line":274,"column":71}},"147":{"start":{"line":275,"column":20},"end":{"line":275,"column":27}},"148":{"start":{"line":277,"column":16},"end":{"line":285,"column":19}},"149":{"start":{"line":278,"column":20},"end":{"line":284,"column":21}},"150":{"start":{"line":279,"column":24},"end":{"line":279,"column":41}},"151":{"start":{"line":280,"column":24},"end":{"line":280,"column":62}},"152":{"start":{"line":282,"column":24},"end":{"line":282,"column":42}},"153":{"start":{"line":283,"column":24},"end":{"line":283,"column":39}},"154":{"start":{"line":291,"column":0},"end":{"line":302,"column":1}},"155":{"start":{"line":292,"column":4},"end":{"line":301,"column":5}},"156":{"start":{"line":293,"column":8},"end":{"line":293,"column":22}},"157":{"start":{"line":295,"column":8},"end":{"line":295,"column":67}},"158":{"start":{"line":296,"column":8},"end":{"line":300,"column":9}},"159":{"start":{"line":297,"column":12},"end":{"line":297,"column":69}},"160":{"start":{"line":303,"column":0},"end":{"line":320,"column":1}},"161":{"start":{"line":304,"column":4},"end":{"line":319,"column":5}},"162":{"start":{"line":305,"column":8},"end":{"line":305,"column":22}},"163":{"start":{"line":307,"column":8},"end":{"line":317,"column":15}},"164":{"start":{"line":310,"column":16},"end":{"line":316,"column":17}},"165":{"start":{"line":311,"column":20},"end":{"line":311,"column":37}},"166":{"start":{"line":312,"column":20},"end":{"line":312,"column":63}},"167":{"start":{"line":314,"column":20},"end":{"line":314,"column":36}},"168":{"start":{"line":315,"column":20},"end":{"line":315,"column":39}},"169":{"start":{"line":323,"column":0},"end":{"line":325,"column":18}},"170":{"start":{"line":327,"column":0},"end":{"line":330,"column":24}},"171":{"start":{"line":333,"column":0},"end":{"line":335,"column":20}},"172":{"start":{"line":337,"column":0},"end":{"line":338,"column":24}},"173":{"start":{"line":341,"column":0},"end":{"line":342,"column":24}},"174":{"start":{"line":343,"column":0},"end":{"line":344,"column":28}},"175":{"start":{"line":347,"column":0},"end":{"line":349,"column":28}},"176":{"start":{"line":351,"column":0},"end":{"line":351,"column":24}}},"branchMap":{"1":{"line":11,"type":"if","locations":[{"start":{"line":11,"column":12},"end":{"line":11,"column":12}},{"start":{"line":11,"column":12},"end":{"line":11,"column":12}}]},"2":{"line":21,"type":"if","locations":[{"start":{"line":21,"column":4},"end":{"line":21,"column":4}},{"start":{"line":21,"column":4},"end":{"line":21,"column":4}}]},"3":{"line":33,"type":"if","locations":[{"start":{"line":33,"column":12},"end":{"line":33,"column":12}},{"start":{"line":33,"column":12},"end":{"line":33,"column":12}}]},"4":{"line":51,"type":"if","locations":[{"start":{"line":51,"column":12},"end":{"line":51,"column":12}},{"start":{"line":51,"column":12},"end":{"line":51,"column":12}}]},"5":{"line":62,"type":"if","locations":[{"start":{"line":62,"column":4},"end":{"line":62,"column":4}},{"start":{"line":62,"column":4},"end":{"line":62,"column":4}}]},"6":{"line":67,"type":"if","locations":[{"start":{"line":67,"column":12},"end":{"line":67,"column":12}},{"start":{"line":67,"column":12},"end":{"line":67,"column":12}}]},"7":{"line":68,"type":"if","locations":[{"start":{"line":68,"column":16},"end":{"line":68,"column":16}},{"start":{"line":68,"column":16},"end":{"line":68,"column":16}}]},"8":{"line":76,"type":"if","locations":[{"start":{"line":76,"column":16},"end":{"line":76,"column":16}},{"start":{"line":76,"column":16},"end":{"line":76,"column":16}}]},"9":{"line":79,"type":"if","locations":[{"start":{"line":79,"column":24},"end":{"line":79,"column":24}},{"start":{"line":79,"column":24},"end":{"line":79,"column":24}}]},"10":{"line":97,"type":"if","locations":[{"start":{"line":97,"column":4},"end":{"line":97,"column":4}},{"start":{"line":97,"column":4},"end":{"line":97,"column":4}}]},"11":{"line":102,"type":"if","locations":[{"start":{"line":102,"column":12},"end":{"line":102,"column":12}},{"start":{"line":102,"column":12},"end":{"line":102,"column":12}}]},"12":{"line":103,"type":"if","locations":[{"start":{"line":103,"column":16},"end":{"line":103,"column":16}},{"start":{"line":103,"column":16},"end":{"line":103,"column":16}}]},"13":{"line":110,"type":"if","locations":[{"start":{"line":110,"column":20},"end":{"line":110,"column":20}},{"start":{"line":110,"column":20},"end":{"line":110,"column":20}}]},"14":{"line":124,"type":"if","locations":[{"start":{"line":124,"column":4},"end":{"line":124,"column":4}},{"start":{"line":124,"column":4},"end":{"line":124,"column":4}}]},"15":{"line":130,"type":"if","locations":[{"start":{"line":130,"column":4},"end":{"line":130,"column":4}},{"start":{"line":130,"column":4},"end":{"line":130,"column":4}}]},"16":{"line":132,"type":"if","locations":[{"start":{"line":132,"column":8},"end":{"line":132,"column":8}},{"start":{"line":132,"column":8},"end":{"line":132,"column":8}}]},"17":{"line":146,"type":"if","locations":[{"start":{"line":146,"column":24},"end":{"line":146,"column":24}},{"start":{"line":146,"column":24},"end":{"line":146,"column":24}}]},"18":{"line":147,"type":"if","locations":[{"start":{"line":147,"column":28},"end":{"line":147,"column":28}},{"start":{"line":147,"column":28},"end":{"line":147,"column":28}}]},"19":{"line":153,"type":"if","locations":[{"start":{"line":153,"column":32},"end":{"line":153,"column":32}},{"start":{"line":153,"column":32},"end":{"line":153,"column":32}}]},"20":{"line":160,"type":"if","locations":[{"start":{"line":160,"column":16},"end":{"line":160,"column":16}},{"start":{"line":160,"column":16},"end":{"line":160,"column":16}}]},"21":{"line":164,"type":"if","locations":[{"start":{"line":164,"column":24},"end":{"line":164,"column":24}},{"start":{"line":164,"column":24},"end":{"line":164,"column":24}}]},"22":{"line":167,"type":"if","locations":[{"start":{"line":167,"column":31},"end":{"line":167,"column":31}},{"start":{"line":167,"column":31},"end":{"line":167,"column":31}}]},"23":{"line":189,"type":"if","locations":[{"start":{"line":189,"column":12},"end":{"line":189,"column":12}},{"start":{"line":189,"column":12},"end":{"line":189,"column":12}}]},"24":{"line":200,"type":"if","locations":[{"start":{"line":200,"column":4},"end":{"line":200,"column":4}},{"start":{"line":200,"column":4},"end":{"line":200,"column":4}}]},"25":{"line":207,"type":"if","locations":[{"start":{"line":207,"column":12},"end":{"line":207,"column":12}},{"start":{"line":207,"column":12},"end":{"line":207,"column":12}}]},"26":{"line":208,"type":"if","locations":[{"start":{"line":208,"column":16},"end":{"line":208,"column":16}},{"start":{"line":208,"column":16},"end":{"line":208,"column":16}}]},"27":{"line":208,"type":"binary-expr","locations":[{"start":{"line":208,"column":20},"end":{"line":208,"column":70}},{"start":{"line":208,"column":74},"end":{"line":208,"column":87}}]},"28":{"line":213,"type":"if","locations":[{"start":{"line":213,"column":20},"end":{"line":213,"column":20}},{"start":{"line":213,"column":20},"end":{"line":213,"column":20}}]},"29":{"line":227,"type":"if","locations":[{"start":{"line":227,"column":4},"end":{"line":227,"column":4}},{"start":{"line":227,"column":4},"end":{"line":227,"column":4}}]},"30":{"line":233,"type":"if","locations":[{"start":{"line":233,"column":12},"end":{"line":233,"column":12}},{"start":{"line":233,"column":12},"end":{"line":233,"column":12}}]},"31":{"line":234,"type":"if","locations":[{"start":{"line":234,"column":16},"end":{"line":234,"column":16}},{"start":{"line":234,"column":16},"end":{"line":234,"column":16}}]},"32":{"line":240,"type":"if","locations":[{"start":{"line":240,"column":16},"end":{"line":240,"column":16}},{"start":{"line":240,"column":16},"end":{"line":240,"column":16}}]},"33":{"line":242,"type":"if","locations":[{"start":{"line":242,"column":20},"end":{"line":242,"column":20}},{"start":{"line":242,"column":20},"end":{"line":242,"column":20}}]},"34":{"line":249,"type":"if","locations":[{"start":{"line":249,"column":24},"end":{"line":249,"column":24}},{"start":{"line":249,"column":24},"end":{"line":249,"column":24}}]},"35":{"line":267,"type":"if","locations":[{"start":{"line":267,"column":4},"end":{"line":267,"column":4}},{"start":{"line":267,"column":4},"end":{"line":267,"column":4}}]},"36":{"line":272,"type":"if","locations":[{"start":{"line":272,"column":12},"end":{"line":272,"column":12}},{"start":{"line":272,"column":12},"end":{"line":272,"column":12}}]},"37":{"line":273,"type":"if","locations":[{"start":{"line":273,"column":16},"end":{"line":273,"column":16}},{"start":{"line":273,"column":16},"end":{"line":273,"column":16}}]},"38":{"line":278,"type":"if","locations":[{"start":{"line":278,"column":20},"end":{"line":278,"column":20}},{"start":{"line":278,"column":20},"end":{"line":278,"column":20}}]},"39":{"line":292,"type":"if","locations":[{"start":{"line":292,"column":4},"end":{"line":292,"column":4}},{"start":{"line":292,"column":4},"end":{"line":292,"column":4}}]},"40":{"line":296,"type":"if","locations":[{"start":{"line":296,"column":8},"end":{"line":296,"column":8}},{"start":{"line":296,"column":8},"end":{"line":296,"column":8}}]},"41":{"line":304,"type":"if","locations":[{"start":{"line":304,"column":4},"end":{"line":304,"column":4}},{"start":{"line":304,"column":4},"end":{"line":304,"column":4}}]},"42":{"line":310,"type":"if","locations":[{"start":{"line":310,"column":16},"end":{"line":310,"column":16}},{"start":{"line":310,"column":16},"end":{"line":310,"column":16}}]}}},"D:\\stijn\\school\\CloudServices\\EindOpdracht\\KroegentochCS\\routes\\routes.js":{"path":"D:\\stijn\\school\\CloudServices\\EindOpdracht\\KroegentochCS\\routes\\routes.js","s":{"1":1,"2":0,"3":0,"4":0,"5":0,"6":0,"7":0,"8":0,"9":0,"10":0,"11":0,"12":0,"13":0,"14":0,"15":0,"16":0,"17":0,"18":0,"19":0,"20":0,"21":1},"b":{},"f":{"1":0,"2":0},"fnMap":{"1":{"name":"(anonymous_1)","line":1,"loc":{"start":{"line":1,"column":16},"end":{"line":1,"column":41}}},"2":{"name":"(anonymous_2)","line":28,"loc":{"start":{"line":28,"column":23},"end":{"line":28,"column":40}}}},"statementMap":{"1":{"start":{"line":1,"column":0},"end":{"line":32,"column":2}},"2":{"start":{"line":2,"column":4},"end":{"line":2,"column":38}},"3":{"start":{"line":3,"column":4},"end":{"line":3,"column":38}},"4":{"start":{"line":4,"column":4},"end":{"line":4,"column":46}},"5":{"start":{"line":5,"column":4},"end":{"line":5,"column":46}},"6":{"start":{"line":6,"column":4},"end":{"line":6,"column":38}},"7":{"start":{"line":7,"column":4},"end":{"line":7,"column":53}},"8":{"start":{"line":8,"column":4},"end":{"line":8,"column":61}},"9":{"start":{"line":9,"column":4},"end":{"line":9,"column":24}},"10":{"start":{"line":10,"column":4},"end":{"line":10,"column":29}},"11":{"start":{"line":11,"column":4},"end":{"line":11,"column":37}},"12":{"start":{"line":12,"column":4},"end":{"line":12,"column":29}},"13":{"start":{"line":13,"column":4},"end":{"line":13,"column":37}},"14":{"start":{"line":14,"column":4},"end":{"line":14,"column":41}},"15":{"start":{"line":15,"column":4},"end":{"line":15,"column":49}},"16":{"start":{"line":17,"column":4},"end":{"line":22,"column":12}},"17":{"start":{"line":23,"column":4},"end":{"line":27,"column":8}},"18":{"start":{"line":28,"column":4},"end":{"line":31,"column":6}},"19":{"start":{"line":29,"column":8},"end":{"line":29,"column":21}},"20":{"start":{"line":30,"column":8},"end":{"line":30,"column":26}},"21":{"start":{"line":34,"column":0},"end":{"line":34,"column":27}}},"branchMap":{}},"D:\\stijn\\school\\CloudServices\\EindOpdracht\\KroegentochCS\\config\\database.js":{"path":"D:\\stijn\\school\\CloudServices\\EindOpdracht\\KroegentochCS\\config\\database.js","s":{"1":1},"b":{},"f":{},"fnMap":{},"statementMap":{"1":{"start":{"line":1,"column":0},"end":{"line":6,"column":2}}},"branchMap":{}}}