{"D:\\stijn\\school\\CloudServices\\EindOpdracht\\KroegentochCS\\models\\models.js":{"path":"D:\\stijn\\school\\CloudServices\\EindOpdracht\\KroegentochCS\\models\\models.js","s":{"1":1,"2":1,"3":1,"4":1,"5":1,"6":1},"b":{},"f":{"1":1},"fnMap":{"1":{"name":"(anonymous_1)","line":1,"loc":{"start":{"line":1,"column":20},"end":{"line":1,"column":30}}}},"statementMap":{"1":{"start":{"line":1,"column":0},"end":{"line":6,"column":2}},"2":{"start":{"line":2,"column":4},"end":{"line":2,"column":25}},"3":{"start":{"line":3,"column":4},"end":{"line":3,"column":29}},"4":{"start":{"line":4,"column":4},"end":{"line":4,"column":25}},"5":{"start":{"line":5,"column":4},"end":{"line":5,"column":31}},"6":{"start":{"line":8,"column":0},"end":{"line":8,"column":31}}},"branchMap":{}},"D:\\stijn\\school\\CloudServices\\EindOpdracht\\KroegentochCS\\models\\user.js":{"path":"D:\\stijn\\school\\CloudServices\\EindOpdracht\\KroegentochCS\\models\\user.js","s":{"1":1,"2":1,"3":1,"4":1,"5":0,"6":1,"7":0,"8":1},"b":{},"f":{"1":0,"2":0},"fnMap":{"1":{"name":"(anonymous_1)","line":12,"loc":{"start":{"line":12,"column":34},"end":{"line":12,"column":54}}},"2":{"name":"(anonymous_2)","line":17,"loc":{"start":{"line":17,"column":35},"end":{"line":17,"column":55}}}},"statementMap":{"1":{"start":{"line":1,"column":0},"end":{"line":1,"column":35}},"2":{"start":{"line":2,"column":0},"end":{"line":2,"column":38}},"3":{"start":{"line":4,"column":0},"end":{"line":9,"column":3}},"4":{"start":{"line":12,"column":0},"end":{"line":14,"column":2}},"5":{"start":{"line":13,"column":4},"end":{"line":13,"column":66}},"6":{"start":{"line":17,"column":0},"end":{"line":19,"column":2}},"7":{"start":{"line":18,"column":4},"end":{"line":18,"column":61}},"8":{"start":{"line":21,"column":0},"end":{"line":21,"column":52}}},"branchMap":{}},"D:\\stijn\\school\\CloudServices\\EindOpdracht\\KroegentochCS\\models\\waypoint.js":{"path":"D:\\stijn\\school\\CloudServices\\EindOpdracht\\KroegentochCS\\models\\waypoint.js","s":{"1":1,"2":1,"3":1,"4":1},"b":{},"f":{},"fnMap":{},"statementMap":{"1":{"start":{"line":1,"column":0},"end":{"line":1,"column":35}},"2":{"start":{"line":2,"column":0},"end":{"line":7,"column":3}},"3":{"start":{"line":9,"column":0},"end":{"line":9,"column":58}},"4":{"start":{"line":10,"column":0},"end":{"line":10,"column":26}}},"branchMap":{}},"D:\\stijn\\school\\CloudServices\\EindOpdracht\\KroegentochCS\\models\\race.js":{"path":"D:\\stijn\\school\\CloudServices\\EindOpdracht\\KroegentochCS\\models\\race.js","s":{"1":1,"2":1,"3":1,"4":1},"b":{},"f":{},"fnMap":{},"statementMap":{"1":{"start":{"line":1,"column":0},"end":{"line":1,"column":35}},"2":{"start":{"line":3,"column":0},"end":{"line":9,"column":3}},"3":{"start":{"line":11,"column":0},"end":{"line":11,"column":46}},"4":{"start":{"line":12,"column":0},"end":{"line":12,"column":22}}},"branchMap":{}},"D:\\stijn\\school\\CloudServices\\EindOpdracht\\KroegentochCS\\models\\completion.js":{"path":"D:\\stijn\\school\\CloudServices\\EindOpdracht\\KroegentochCS\\models\\completion.js","s":{"1":1,"2":1,"3":1,"4":1},"b":{},"f":{},"fnMap":{},"statementMap":{"1":{"start":{"line":1,"column":0},"end":{"line":1,"column":35}},"2":{"start":{"line":3,"column":0},"end":{"line":7,"column":3}},"3":{"start":{"line":9,"column":0},"end":{"line":9,"column":58}},"4":{"start":{"line":10,"column":0},"end":{"line":10,"column":22}}},"branchMap":{}},"D:\\stijn\\school\\CloudServices\\EindOpdracht\\KroegentochCS\\routes\\races.js":{"path":"D:\\stijn\\school\\CloudServices\\EindOpdracht\\KroegentochCS\\routes\\races.js","s":{"1":1,"2":1,"3":1,"4":1,"5":1,"6":1,"7":1,"8":1,"9":0,"10":0,"11":1,"12":1,"13":1,"14":1,"15":1,"16":0,"17":0,"18":0,"19":0,"20":0,"21":0,"22":0,"23":0,"24":0,"25":1,"26":1,"27":1,"28":1,"29":1,"30":0,"31":0,"32":1,"33":1,"34":1,"35":0,"36":0,"37":0,"38":0,"39":0,"40":0,"41":0,"42":0,"43":0,"44":0,"45":0,"46":0,"47":0,"48":0,"49":0,"50":0,"51":0,"52":0,"53":1,"54":1,"55":1,"56":0,"57":0,"58":0,"59":0,"60":0,"61":0,"62":0,"63":0,"64":0,"65":0,"66":0,"67":1,"68":0,"69":0,"70":0,"71":0,"72":0,"73":0,"74":0,"75":0,"76":0,"77":0,"78":0,"79":0,"80":0,"81":0,"82":0,"83":0,"84":0,"85":0,"86":0,"87":0,"88":0,"89":0,"90":0,"91":0,"92":0,"93":0,"94":0,"95":0,"96":0,"97":0,"98":0,"99":0,"100":0,"101":1,"102":0,"103":0,"104":0,"105":0,"106":0,"107":0,"108":1,"109":0,"110":0,"111":0,"112":0,"113":0,"114":0,"115":0,"116":0,"117":0,"118":0,"119":0,"120":0,"121":0,"122":0,"123":1,"124":0,"125":0,"126":0,"127":0,"128":0,"129":0,"130":0,"131":0,"132":0,"133":0,"134":0,"135":0,"136":0,"137":0,"138":0,"139":0,"140":0,"141":0,"142":0,"143":0,"144":0,"145":1,"146":0,"147":0,"148":0,"149":0,"150":0,"151":0,"152":0,"153":0,"154":0,"155":0,"156":0,"157":0,"158":0,"159":1,"160":0,"161":0,"162":0,"163":0,"164":0,"165":0,"166":0,"167":0,"168":0,"169":0,"170":0,"171":0,"172":0,"173":1,"174":0,"175":0,"176":0,"177":0,"178":0,"179":0,"180":0,"181":0,"182":0,"183":0,"184":0,"185":0,"186":0,"187":0,"188":0,"189":1,"190":1,"191":1,"192":1,"193":1,"194":1,"195":1,"196":1},"b":{"1":[0,1],"2":[1,0],"3":[0,0],"4":[1,0],"5":[1,0],"6":[0,0],"7":[0,0],"8":[0,0],"9":[0,0],"10":[1,0],"11":[0,0],"12":[0,0],"13":[0,0],"14":[0,0],"15":[0,0],"16":[0,0],"17":[0,0],"18":[0,0],"19":[0,0],"20":[0,0],"21":[0,0],"22":[0,0],"23":[0,0],"24":[0,0],"25":[0,0],"26":[0,0],"27":[0,0],"28":[0,0],"29":[0,0],"30":[0,0],"31":[0,0],"32":[0,0],"33":[0,0],"34":[0,0],"35":[0,0],"36":[0,0],"37":[0,0],"38":[0,0],"39":[0,0],"40":[0,0],"41":[0,0],"42":[0,0],"43":[0,0],"44":[0,0],"45":[0,0]},"f":{"1":1,"2":1,"3":1,"4":0,"5":1,"6":1,"7":1,"8":0,"9":0,"10":1,"11":0,"12":0,"13":0,"14":0,"15":0,"16":0,"17":0,"18":0,"19":0,"20":0,"21":0,"22":0,"23":0,"24":0,"25":0,"26":0,"27":0,"28":0,"29":0,"30":0,"31":0},"fnMap":{"1":{"name":"getRaces","line":7,"loc":{"start":{"line":7,"column":0},"end":{"line":7,"column":27}}},"2":{"name":"(anonymous_2)","line":11,"loc":{"start":{"line":11,"column":14},"end":{"line":11,"column":34}}},"3":{"name":"addRace","line":21,"loc":{"start":{"line":21,"column":0},"end":{"line":21,"column":26}}},"4":{"name":"(anonymous_4)","line":34,"loc":{"start":{"line":34,"column":21},"end":{"line":34,"column":42}}},"5":{"name":"getRace","line":47,"loc":{"start":{"line":47,"column":0},"end":{"line":47,"column":26}}},"6":{"name":"(anonymous_6)","line":52,"loc":{"start":{"line":52,"column":14},"end":{"line":52,"column":33}}},"7":{"name":"updateRace","line":63,"loc":{"start":{"line":63,"column":0},"end":{"line":63,"column":29}}},"8":{"name":"(anonymous_8)","line":68,"loc":{"start":{"line":68,"column":69},"end":{"line":68,"column":91}}},"9":{"name":"(anonymous_9)","line":83,"loc":{"start":{"line":83,"column":77},"end":{"line":83,"column":96}}},"10":{"name":"deleteRace","line":100,"loc":{"start":{"line":100,"column":0},"end":{"line":100,"column":29}}},"11":{"name":"(anonymous_11)","line":105,"loc":{"start":{"line":105,"column":69},"end":{"line":105,"column":91}}},"12":{"name":"(anonymous_12)","line":113,"loc":{"start":{"line":113,"column":55},"end":{"line":113,"column":68}}},"13":{"name":"addUsers","line":127,"loc":{"start":{"line":127,"column":0},"end":{"line":127,"column":27}}},"14":{"name":"(anonymous_14)","line":148,"loc":{"start":{"line":148,"column":18},"end":{"line":148,"column":37}}},"15":{"name":"(anonymous_15)","line":168,"loc":{"start":{"line":168,"column":82},"end":{"line":168,"column":101}}},"16":{"name":"getUsers","line":189,"loc":{"start":{"line":189,"column":0},"end":{"line":189,"column":27}}},"17":{"name":"(anonymous_17)","line":193,"loc":{"start":{"line":193,"column":14},"end":{"line":193,"column":34}}},"18":{"name":"deleteUser","line":204,"loc":{"start":{"line":204,"column":0},"end":{"line":204,"column":29}}},"19":{"name":"(anonymous_19)","line":211,"loc":{"start":{"line":211,"column":69},"end":{"line":211,"column":91}}},"20":{"name":"(anonymous_20)","line":217,"loc":{"start":{"line":217,"column":105},"end":{"line":217,"column":124}}},"21":{"name":"addWaypoints","line":231,"loc":{"start":{"line":231,"column":0},"end":{"line":231,"column":31}}},"22":{"name":"(anonymous_22)","line":236,"loc":{"start":{"line":236,"column":69},"end":{"line":236,"column":91}}},"23":{"name":"(anonymous_23)","line":274,"loc":{"start":{"line":274,"column":87},"end":{"line":274,"column":106}}},"24":{"name":"deleteWaypoint","line":293,"loc":{"start":{"line":293,"column":0},"end":{"line":293,"column":33}}},"25":{"name":"(anonymous_25)","line":298,"loc":{"start":{"line":298,"column":69},"end":{"line":298,"column":91}}},"26":{"name":"(anonymous_26)","line":304,"loc":{"start":{"line":304,"column":97},"end":{"line":304,"column":116}}},"27":{"name":"addCheckedinUser","line":318,"loc":{"start":{"line":318,"column":0},"end":{"line":318,"column":35}}},"28":{"name":"(anonymous_28)","line":332,"loc":{"start":{"line":332,"column":87},"end":{"line":332,"column":104}}},"29":{"name":"getCheckedinUsers","line":345,"loc":{"start":{"line":345,"column":0},"end":{"line":345,"column":36}}},"30":{"name":"(anonymous_30)","line":353,"loc":{"start":{"line":353,"column":28},"end":{"line":353,"column":48}}},"31":{"name":"(anonymous_31)","line":366,"loc":{"start":{"line":366,"column":18},"end":{"line":366,"column":38}}}},"statementMap":{"1":{"start":{"line":1,"column":0},"end":{"line":1,"column":33}},"2":{"start":{"line":2,"column":0},"end":{"line":2,"column":30}},"3":{"start":{"line":3,"column":0},"end":{"line":3,"column":35}},"4":{"start":{"line":4,"column":0},"end":{"line":4,"column":35}},"5":{"start":{"line":5,"column":0},"end":{"line":5,"column":43}},"6":{"start":{"line":7,"column":0},"end":{"line":19,"column":1}},"7":{"start":{"line":8,"column":4},"end":{"line":18,"column":11}},"8":{"start":{"line":12,"column":12},"end":{"line":17,"column":13}},"9":{"start":{"line":13,"column":16},"end":{"line":13,"column":33}},"10":{"start":{"line":14,"column":16},"end":{"line":14,"column":48}},"11":{"start":{"line":16,"column":16},"end":{"line":16,"column":32}},"12":{"start":{"line":21,"column":0},"end":{"line":45,"column":1}},"13":{"start":{"line":22,"column":4},"end":{"line":22,"column":28}},"14":{"start":{"line":23,"column":4},"end":{"line":43,"column":5}},"15":{"start":{"line":24,"column":8},"end":{"line":24,"column":22}},"16":{"start":{"line":26,"column":8},"end":{"line":26,"column":35}},"17":{"start":{"line":27,"column":8},"end":{"line":27,"column":29}},"18":{"start":{"line":29,"column":8},"end":{"line":32,"column":11}},"19":{"start":{"line":34,"column":8},"end":{"line":42,"column":11}},"20":{"start":{"line":35,"column":12},"end":{"line":41,"column":13}},"21":{"start":{"line":36,"column":16},"end":{"line":36,"column":33}},"22":{"start":{"line":37,"column":16},"end":{"line":37,"column":47}},"23":{"start":{"line":39,"column":16},"end":{"line":39,"column":36}},"24":{"start":{"line":40,"column":16},"end":{"line":40,"column":33}},"25":{"start":{"line":47,"column":0},"end":{"line":61,"column":1}},"26":{"start":{"line":48,"column":4},"end":{"line":60,"column":11}},"27":{"start":{"line":53,"column":12},"end":{"line":59,"column":13}},"28":{"start":{"line":54,"column":16},"end":{"line":54,"column":33}},"29":{"start":{"line":55,"column":16},"end":{"line":55,"column":47}},"30":{"start":{"line":57,"column":16},"end":{"line":57,"column":31}},"31":{"start":{"line":58,"column":16},"end":{"line":58,"column":34}},"32":{"start":{"line":63,"column":0},"end":{"line":98,"column":1}},"33":{"start":{"line":64,"column":4},"end":{"line":97,"column":5}},"34":{"start":{"line":65,"column":8},"end":{"line":65,"column":22}},"35":{"start":{"line":68,"column":8},"end":{"line":96,"column":11}},"36":{"start":{"line":69,"column":12},"end":{"line":95,"column":13}},"37":{"start":{"line":70,"column":16},"end":{"line":73,"column":17}},"38":{"start":{"line":71,"column":20},"end":{"line":71,"column":72}},"39":{"start":{"line":72,"column":20},"end":{"line":72,"column":27}},"40":{"start":{"line":76,"column":16},"end":{"line":76,"column":46}},"41":{"start":{"line":77,"column":16},"end":{"line":77,"column":56}},"42":{"start":{"line":78,"column":16},"end":{"line":82,"column":17}},"43":{"start":{"line":79,"column":20},"end":{"line":79,"column":79}},"44":{"start":{"line":81,"column":20},"end":{"line":81,"column":61}},"45":{"start":{"line":83,"column":16},"end":{"line":91,"column":19}},"46":{"start":{"line":84,"column":20},"end":{"line":90,"column":21}},"47":{"start":{"line":85,"column":24},"end":{"line":85,"column":41}},"48":{"start":{"line":86,"column":24},"end":{"line":86,"column":58}},"49":{"start":{"line":88,"column":24},"end":{"line":88,"column":42}},"50":{"start":{"line":89,"column":24},"end":{"line":89,"column":39}},"51":{"start":{"line":93,"column":16},"end":{"line":93,"column":37}},"52":{"start":{"line":94,"column":16},"end":{"line":94,"column":46}},"53":{"start":{"line":100,"column":0},"end":{"line":125,"column":1}},"54":{"start":{"line":101,"column":4},"end":{"line":124,"column":5}},"55":{"start":{"line":102,"column":8},"end":{"line":102,"column":22}},"56":{"start":{"line":105,"column":8},"end":{"line":123,"column":11}},"57":{"start":{"line":106,"column":12},"end":{"line":122,"column":13}},"58":{"start":{"line":107,"column":16},"end":{"line":110,"column":17}},"59":{"start":{"line":108,"column":20},"end":{"line":108,"column":72}},"60":{"start":{"line":109,"column":20},"end":{"line":109,"column":27}},"61":{"start":{"line":113,"column":16},"end":{"line":121,"column":19}},"62":{"start":{"line":114,"column":20},"end":{"line":120,"column":21}},"63":{"start":{"line":115,"column":24},"end":{"line":115,"column":41}},"64":{"start":{"line":116,"column":24},"end":{"line":116,"column":58}},"65":{"start":{"line":118,"column":24},"end":{"line":118,"column":53}},"66":{"start":{"line":119,"column":24},"end":{"line":119,"column":62}},"67":{"start":{"line":127,"column":0},"end":{"line":187,"column":1}},"68":{"start":{"line":128,"column":4},"end":{"line":128,"column":26}},"69":{"start":{"line":129,"column":4},"end":{"line":133,"column":5}},"70":{"start":{"line":130,"column":8},"end":{"line":130,"column":39}},"71":{"start":{"line":132,"column":8},"end":{"line":132,"column":40}},"72":{"start":{"line":135,"column":4},"end":{"line":186,"column":5}},"73":{"start":{"line":136,"column":8},"end":{"line":136,"column":26}},"74":{"start":{"line":137,"column":8},"end":{"line":141,"column":9}},"75":{"start":{"line":138,"column":12},"end":{"line":138,"column":50}},"76":{"start":{"line":140,"column":12},"end":{"line":140,"column":59}},"77":{"start":{"line":144,"column":8},"end":{"line":144,"column":30}},"78":{"start":{"line":145,"column":8},"end":{"line":182,"column":15}},"79":{"start":{"line":149,"column":16},"end":{"line":164,"column":21}},"80":{"start":{"line":150,"column":20},"end":{"line":164,"column":21}},"81":{"start":{"line":151,"column":24},"end":{"line":163,"column":25}},"82":{"start":{"line":152,"column":28},"end":{"line":155,"column":29}},"83":{"start":{"line":153,"column":32},"end":{"line":153,"column":49}},"84":{"start":{"line":154,"column":32},"end":{"line":154,"column":53}},"85":{"start":{"line":157,"column":28},"end":{"line":162,"column":29}},"86":{"start":{"line":158,"column":32},"end":{"line":161,"column":33}},"87":{"start":{"line":159,"column":36},"end":{"line":159,"column":53}},"88":{"start":{"line":160,"column":36},"end":{"line":160,"column":57}},"89":{"start":{"line":165,"column":16},"end":{"line":181,"column":17}},"90":{"start":{"line":168,"column":20},"end":{"line":178,"column":23}},"91":{"start":{"line":169,"column":24},"end":{"line":177,"column":25}},"92":{"start":{"line":170,"column":28},"end":{"line":170,"column":45}},"93":{"start":{"line":171,"column":28},"end":{"line":171,"column":67}},"94":{"start":{"line":172,"column":31},"end":{"line":177,"column":25}},"95":{"start":{"line":173,"column":28},"end":{"line":173,"column":60}},"96":{"start":{"line":175,"column":28},"end":{"line":175,"column":46}},"97":{"start":{"line":176,"column":28},"end":{"line":176,"column":43}},"98":{"start":{"line":180,"column":20},"end":{"line":180,"column":67}},"99":{"start":{"line":184,"column":8},"end":{"line":184,"column":29}},"100":{"start":{"line":185,"column":8},"end":{"line":185,"column":38}},"101":{"start":{"line":189,"column":0},"end":{"line":202,"column":1}},"102":{"start":{"line":190,"column":4},"end":{"line":201,"column":11}},"103":{"start":{"line":194,"column":12},"end":{"line":200,"column":13}},"104":{"start":{"line":195,"column":16},"end":{"line":195,"column":33}},"105":{"start":{"line":196,"column":16},"end":{"line":196,"column":48}},"106":{"start":{"line":198,"column":16},"end":{"line":198,"column":32}},"107":{"start":{"line":199,"column":16},"end":{"line":199,"column":35}},"108":{"start":{"line":204,"column":0},"end":{"line":229,"column":1}},"109":{"start":{"line":205,"column":4},"end":{"line":228,"column":5}},"110":{"start":{"line":206,"column":8},"end":{"line":206,"column":22}},"111":{"start":{"line":209,"column":8},"end":{"line":209,"column":69}},"112":{"start":{"line":211,"column":8},"end":{"line":227,"column":11}},"113":{"start":{"line":212,"column":12},"end":{"line":226,"column":13}},"114":{"start":{"line":213,"column":16},"end":{"line":216,"column":17}},"115":{"start":{"line":214,"column":20},"end":{"line":214,"column":102}},"116":{"start":{"line":215,"column":20},"end":{"line":215,"column":27}},"117":{"start":{"line":217,"column":16},"end":{"line":225,"column":19}},"118":{"start":{"line":218,"column":20},"end":{"line":224,"column":21}},"119":{"start":{"line":219,"column":24},"end":{"line":219,"column":41}},"120":{"start":{"line":220,"column":24},"end":{"line":220,"column":58}},"121":{"start":{"line":222,"column":24},"end":{"line":222,"column":42}},"122":{"start":{"line":223,"column":24},"end":{"line":223,"column":39}},"123":{"start":{"line":231,"column":0},"end":{"line":291,"column":1}},"124":{"start":{"line":232,"column":4},"end":{"line":290,"column":5}},"125":{"start":{"line":233,"column":8},"end":{"line":233,"column":22}},"126":{"start":{"line":236,"column":8},"end":{"line":289,"column":10}},"127":{"start":{"line":237,"column":16},"end":{"line":287,"column":17}},"128":{"start":{"line":238,"column":20},"end":{"line":241,"column":21}},"129":{"start":{"line":239,"column":24},"end":{"line":239,"column":75}},"130":{"start":{"line":240,"column":24},"end":{"line":240,"column":31}},"131":{"start":{"line":242,"column":20},"end":{"line":242,"column":55}},"132":{"start":{"line":266,"column":20},"end":{"line":286,"column":21}},"133":{"start":{"line":267,"column":24},"end":{"line":267,"column":43}},"134":{"start":{"line":268,"column":24},"end":{"line":273,"column":25}},"135":{"start":{"line":269,"column":28},"end":{"line":269,"column":72}},"136":{"start":{"line":272,"column":28},"end":{"line":272,"column":81}},"137":{"start":{"line":274,"column":24},"end":{"line":282,"column":27}},"138":{"start":{"line":275,"column":28},"end":{"line":281,"column":29}},"139":{"start":{"line":276,"column":32},"end":{"line":276,"column":49}},"140":{"start":{"line":277,"column":32},"end":{"line":277,"column":70}},"141":{"start":{"line":279,"column":32},"end":{"line":279,"column":50}},"142":{"start":{"line":280,"column":32},"end":{"line":280,"column":47}},"143":{"start":{"line":284,"column":24},"end":{"line":284,"column":45}},"144":{"start":{"line":285,"column":24},"end":{"line":285,"column":54}},"145":{"start":{"line":293,"column":0},"end":{"line":316,"column":1}},"146":{"start":{"line":294,"column":4},"end":{"line":315,"column":5}},"147":{"start":{"line":295,"column":8},"end":{"line":295,"column":22}},"148":{"start":{"line":298,"column":8},"end":{"line":314,"column":11}},"149":{"start":{"line":299,"column":12},"end":{"line":313,"column":13}},"150":{"start":{"line":300,"column":16},"end":{"line":303,"column":17}},"151":{"start":{"line":301,"column":20},"end":{"line":301,"column":71}},"152":{"start":{"line":302,"column":20},"end":{"line":302,"column":27}},"153":{"start":{"line":304,"column":16},"end":{"line":312,"column":19}},"154":{"start":{"line":305,"column":20},"end":{"line":311,"column":21}},"155":{"start":{"line":306,"column":24},"end":{"line":306,"column":41}},"156":{"start":{"line":307,"column":24},"end":{"line":307,"column":62}},"157":{"start":{"line":309,"column":24},"end":{"line":309,"column":42}},"158":{"start":{"line":310,"column":24},"end":{"line":310,"column":39}},"159":{"start":{"line":318,"column":0},"end":{"line":343,"column":1}},"160":{"start":{"line":319,"column":4},"end":{"line":342,"column":5}},"161":{"start":{"line":320,"column":8},"end":{"line":320,"column":22}},"162":{"start":{"line":322,"column":8},"end":{"line":322,"column":37}},"163":{"start":{"line":323,"column":8},"end":{"line":323,"column":48}},"164":{"start":{"line":325,"column":8},"end":{"line":325,"column":60}},"165":{"start":{"line":326,"column":8},"end":{"line":341,"column":9}},"166":{"start":{"line":327,"column":12},"end":{"line":327,"column":64}},"167":{"start":{"line":332,"column":12},"end":{"line":340,"column":15}},"168":{"start":{"line":333,"column":16},"end":{"line":339,"column":17}},"169":{"start":{"line":334,"column":20},"end":{"line":334,"column":37}},"170":{"start":{"line":335,"column":20},"end":{"line":335,"column":66}},"171":{"start":{"line":337,"column":20},"end":{"line":337,"column":36}},"172":{"start":{"line":338,"column":20},"end":{"line":338,"column":33}},"173":{"start":{"line":345,"column":0},"end":{"line":376,"column":1}},"174":{"start":{"line":346,"column":4},"end":{"line":375,"column":5}},"175":{"start":{"line":347,"column":8},"end":{"line":347,"column":22}},"176":{"start":{"line":349,"column":8},"end":{"line":349,"column":48}},"177":{"start":{"line":353,"column":8},"end":{"line":362,"column":11}},"178":{"start":{"line":354,"column":12},"end":{"line":361,"column":13}},"179":{"start":{"line":355,"column":16},"end":{"line":355,"column":33}},"180":{"start":{"line":356,"column":16},"end":{"line":356,"column":48}},"181":{"start":{"line":358,"column":16},"end":{"line":360,"column":17}},"182":{"start":{"line":359,"column":20},"end":{"line":359,"column":72}},"183":{"start":{"line":364,"column":8},"end":{"line":374,"column":15}},"184":{"start":{"line":367,"column":16},"end":{"line":373,"column":17}},"185":{"start":{"line":368,"column":20},"end":{"line":368,"column":37}},"186":{"start":{"line":369,"column":20},"end":{"line":369,"column":63}},"187":{"start":{"line":371,"column":20},"end":{"line":371,"column":36}},"188":{"start":{"line":372,"column":20},"end":{"line":372,"column":39}},"189":{"start":{"line":379,"column":0},"end":{"line":381,"column":19}},"190":{"start":{"line":383,"column":0},"end":{"line":386,"column":24}},"191":{"start":{"line":389,"column":0},"end":{"line":391,"column":20}},"192":{"start":{"line":393,"column":0},"end":{"line":394,"column":24}},"193":{"start":{"line":397,"column":0},"end":{"line":398,"column":24}},"194":{"start":{"line":399,"column":0},"end":{"line":400,"column":28}},"195":{"start":{"line":403,"column":0},"end":{"line":405,"column":28}},"196":{"start":{"line":407,"column":0},"end":{"line":407,"column":24}}},"branchMap":{"1":{"line":12,"type":"if","locations":[{"start":{"line":12,"column":12},"end":{"line":12,"column":12}},{"start":{"line":12,"column":12},"end":{"line":12,"column":12}}]},"2":{"line":23,"type":"if","locations":[{"start":{"line":23,"column":4},"end":{"line":23,"column":4}},{"start":{"line":23,"column":4},"end":{"line":23,"column":4}}]},"3":{"line":35,"type":"if","locations":[{"start":{"line":35,"column":12},"end":{"line":35,"column":12}},{"start":{"line":35,"column":12},"end":{"line":35,"column":12}}]},"4":{"line":53,"type":"if","locations":[{"start":{"line":53,"column":12},"end":{"line":53,"column":12}},{"start":{"line":53,"column":12},"end":{"line":53,"column":12}}]},"5":{"line":64,"type":"if","locations":[{"start":{"line":64,"column":4},"end":{"line":64,"column":4}},{"start":{"line":64,"column":4},"end":{"line":64,"column":4}}]},"6":{"line":69,"type":"if","locations":[{"start":{"line":69,"column":12},"end":{"line":69,"column":12}},{"start":{"line":69,"column":12},"end":{"line":69,"column":12}}]},"7":{"line":70,"type":"if","locations":[{"start":{"line":70,"column":16},"end":{"line":70,"column":16}},{"start":{"line":70,"column":16},"end":{"line":70,"column":16}}]},"8":{"line":78,"type":"if","locations":[{"start":{"line":78,"column":16},"end":{"line":78,"column":16}},{"start":{"line":78,"column":16},"end":{"line":78,"column":16}}]},"9":{"line":84,"type":"if","locations":[{"start":{"line":84,"column":20},"end":{"line":84,"column":20}},{"start":{"line":84,"column":20},"end":{"line":84,"column":20}}]},"10":{"line":101,"type":"if","locations":[{"start":{"line":101,"column":4},"end":{"line":101,"column":4}},{"start":{"line":101,"column":4},"end":{"line":101,"column":4}}]},"11":{"line":106,"type":"if","locations":[{"start":{"line":106,"column":12},"end":{"line":106,"column":12}},{"start":{"line":106,"column":12},"end":{"line":106,"column":12}}]},"12":{"line":107,"type":"if","locations":[{"start":{"line":107,"column":16},"end":{"line":107,"column":16}},{"start":{"line":107,"column":16},"end":{"line":107,"column":16}}]},"13":{"line":114,"type":"if","locations":[{"start":{"line":114,"column":20},"end":{"line":114,"column":20}},{"start":{"line":114,"column":20},"end":{"line":114,"column":20}}]},"14":{"line":129,"type":"if","locations":[{"start":{"line":129,"column":4},"end":{"line":129,"column":4}},{"start":{"line":129,"column":4},"end":{"line":129,"column":4}}]},"15":{"line":135,"type":"if","locations":[{"start":{"line":135,"column":4},"end":{"line":135,"column":4}},{"start":{"line":135,"column":4},"end":{"line":135,"column":4}}]},"16":{"line":137,"type":"if","locations":[{"start":{"line":137,"column":8},"end":{"line":137,"column":8}},{"start":{"line":137,"column":8},"end":{"line":137,"column":8}}]},"17":{"line":151,"type":"if","locations":[{"start":{"line":151,"column":24},"end":{"line":151,"column":24}},{"start":{"line":151,"column":24},"end":{"line":151,"column":24}}]},"18":{"line":152,"type":"if","locations":[{"start":{"line":152,"column":28},"end":{"line":152,"column":28}},{"start":{"line":152,"column":28},"end":{"line":152,"column":28}}]},"19":{"line":158,"type":"if","locations":[{"start":{"line":158,"column":32},"end":{"line":158,"column":32}},{"start":{"line":158,"column":32},"end":{"line":158,"column":32}}]},"20":{"line":165,"type":"if","locations":[{"start":{"line":165,"column":16},"end":{"line":165,"column":16}},{"start":{"line":165,"column":16},"end":{"line":165,"column":16}}]},"21":{"line":169,"type":"if","locations":[{"start":{"line":169,"column":24},"end":{"line":169,"column":24}},{"start":{"line":169,"column":24},"end":{"line":169,"column":24}}]},"22":{"line":172,"type":"if","locations":[{"start":{"line":172,"column":31},"end":{"line":172,"column":31}},{"start":{"line":172,"column":31},"end":{"line":172,"column":31}}]},"23":{"line":194,"type":"if","locations":[{"start":{"line":194,"column":12},"end":{"line":194,"column":12}},{"start":{"line":194,"column":12},"end":{"line":194,"column":12}}]},"24":{"line":205,"type":"if","locations":[{"start":{"line":205,"column":4},"end":{"line":205,"column":4}},{"start":{"line":205,"column":4},"end":{"line":205,"column":4}}]},"25":{"line":212,"type":"if","locations":[{"start":{"line":212,"column":12},"end":{"line":212,"column":12}},{"start":{"line":212,"column":12},"end":{"line":212,"column":12}}]},"26":{"line":213,"type":"if","locations":[{"start":{"line":213,"column":16},"end":{"line":213,"column":16}},{"start":{"line":213,"column":16},"end":{"line":213,"column":16}}]},"27":{"line":213,"type":"binary-expr","locations":[{"start":{"line":213,"column":20},"end":{"line":213,"column":70}},{"start":{"line":213,"column":74},"end":{"line":213,"column":87}}]},"28":{"line":218,"type":"if","locations":[{"start":{"line":218,"column":20},"end":{"line":218,"column":20}},{"start":{"line":218,"column":20},"end":{"line":218,"column":20}}]},"29":{"line":232,"type":"if","locations":[{"start":{"line":232,"column":4},"end":{"line":232,"column":4}},{"start":{"line":232,"column":4},"end":{"line":232,"column":4}}]},"30":{"line":237,"type":"if","locations":[{"start":{"line":237,"column":16},"end":{"line":237,"column":16}},{"start":{"line":237,"column":16},"end":{"line":237,"column":16}}]},"31":{"line":238,"type":"if","locations":[{"start":{"line":238,"column":20},"end":{"line":238,"column":20}},{"start":{"line":238,"column":20},"end":{"line":238,"column":20}}]},"32":{"line":266,"type":"if","locations":[{"start":{"line":266,"column":20},"end":{"line":266,"column":20}},{"start":{"line":266,"column":20},"end":{"line":266,"column":20}}]},"33":{"line":268,"type":"if","locations":[{"start":{"line":268,"column":24},"end":{"line":268,"column":24}},{"start":{"line":268,"column":24},"end":{"line":268,"column":24}}]},"34":{"line":275,"type":"if","locations":[{"start":{"line":275,"column":28},"end":{"line":275,"column":28}},{"start":{"line":275,"column":28},"end":{"line":275,"column":28}}]},"35":{"line":294,"type":"if","locations":[{"start":{"line":294,"column":4},"end":{"line":294,"column":4}},{"start":{"line":294,"column":4},"end":{"line":294,"column":4}}]},"36":{"line":299,"type":"if","locations":[{"start":{"line":299,"column":12},"end":{"line":299,"column":12}},{"start":{"line":299,"column":12},"end":{"line":299,"column":12}}]},"37":{"line":300,"type":"if","locations":[{"start":{"line":300,"column":16},"end":{"line":300,"column":16}},{"start":{"line":300,"column":16},"end":{"line":300,"column":16}}]},"38":{"line":305,"type":"if","locations":[{"start":{"line":305,"column":20},"end":{"line":305,"column":20}},{"start":{"line":305,"column":20},"end":{"line":305,"column":20}}]},"39":{"line":319,"type":"if","locations":[{"start":{"line":319,"column":4},"end":{"line":319,"column":4}},{"start":{"line":319,"column":4},"end":{"line":319,"column":4}}]},"40":{"line":326,"type":"if","locations":[{"start":{"line":326,"column":8},"end":{"line":326,"column":8}},{"start":{"line":326,"column":8},"end":{"line":326,"column":8}}]},"41":{"line":333,"type":"if","locations":[{"start":{"line":333,"column":16},"end":{"line":333,"column":16}},{"start":{"line":333,"column":16},"end":{"line":333,"column":16}}]},"42":{"line":346,"type":"if","locations":[{"start":{"line":346,"column":4},"end":{"line":346,"column":4}},{"start":{"line":346,"column":4},"end":{"line":346,"column":4}}]},"43":{"line":354,"type":"if","locations":[{"start":{"line":354,"column":12},"end":{"line":354,"column":12}},{"start":{"line":354,"column":12},"end":{"line":354,"column":12}}]},"44":{"line":358,"type":"if","locations":[{"start":{"line":358,"column":16},"end":{"line":358,"column":16}},{"start":{"line":358,"column":16},"end":{"line":358,"column":16}}]},"45":{"line":367,"type":"if","locations":[{"start":{"line":367,"column":16},"end":{"line":367,"column":16}},{"start":{"line":367,"column":16},"end":{"line":367,"column":16}}]}}},"D:\\stijn\\school\\CloudServices\\EindOpdracht\\KroegentochCS\\routes\\routes.js":{"path":"D:\\stijn\\school\\CloudServices\\EindOpdracht\\KroegentochCS\\routes\\routes.js","s":{"1":1,"2":0,"3":0,"4":0,"5":0,"6":0,"7":0,"8":0,"9":0,"10":0,"11":0,"12":0,"13":0,"14":0,"15":0,"16":0,"17":0,"18":0,"19":0,"20":0,"21":1},"b":{},"f":{"1":0,"2":0},"fnMap":{"1":{"name":"(anonymous_1)","line":1,"loc":{"start":{"line":1,"column":16},"end":{"line":1,"column":41}}},"2":{"name":"(anonymous_2)","line":29,"loc":{"start":{"line":29,"column":23},"end":{"line":29,"column":40}}}},"statementMap":{"1":{"start":{"line":1,"column":0},"end":{"line":33,"column":2}},"2":{"start":{"line":2,"column":4},"end":{"line":2,"column":38}},"3":{"start":{"line":3,"column":4},"end":{"line":3,"column":38}},"4":{"start":{"line":4,"column":4},"end":{"line":4,"column":46}},"5":{"start":{"line":5,"column":4},"end":{"line":5,"column":46}},"6":{"start":{"line":6,"column":4},"end":{"line":6,"column":38}},"7":{"start":{"line":7,"column":4},"end":{"line":7,"column":53}},"8":{"start":{"line":8,"column":4},"end":{"line":8,"column":61}},"9":{"start":{"line":9,"column":4},"end":{"line":9,"column":24}},"10":{"start":{"line":10,"column":4},"end":{"line":10,"column":29}},"11":{"start":{"line":11,"column":4},"end":{"line":11,"column":37}},"12":{"start":{"line":12,"column":4},"end":{"line":12,"column":29}},"13":{"start":{"line":13,"column":4},"end":{"line":13,"column":37}},"14":{"start":{"line":14,"column":4},"end":{"line":14,"column":41}},"15":{"start":{"line":15,"column":4},"end":{"line":15,"column":49}},"16":{"start":{"line":17,"column":4},"end":{"line":22,"column":12}},"17":{"start":{"line":23,"column":4},"end":{"line":27,"column":8}},"18":{"start":{"line":29,"column":4},"end":{"line":32,"column":6}},"19":{"start":{"line":30,"column":8},"end":{"line":30,"column":21}},"20":{"start":{"line":31,"column":8},"end":{"line":31,"column":26}},"21":{"start":{"line":35,"column":0},"end":{"line":35,"column":27}}},"branchMap":{}},"D:\\stijn\\school\\CloudServices\\EindOpdracht\\KroegentochCS\\config\\database.js":{"path":"D:\\stijn\\school\\CloudServices\\EindOpdracht\\KroegentochCS\\config\\database.js","s":{"1":1},"b":{},"f":{},"fnMap":{},"statementMap":{"1":{"start":{"line":1,"column":0},"end":{"line":6,"column":2}}},"branchMap":{}}}