TN:
SF:D:\stijn\school\CloudServices\EindOpdracht\KroegentochCS\models\models.js
FN:1,(anonymous_1)
FNF:1
FNH:1
FNDA:1,(anonymous_1)
DA:1,1
DA:2,1
DA:3,1
DA:4,1
DA:5,1
DA:8,1
LF:6
LH:6
BRF:0
BRH:0
end_of_record
TN:
SF:D:\stijn\school\CloudServices\EindOpdracht\KroegentochCS\models\user.js
FN:12,(anonymous_1)
FN:17,(anonymous_2)
FNF:2
FNH:0
FNDA:0,(anonymous_1)
FNDA:0,(anonymous_2)
DA:1,1
DA:2,1
DA:4,1
DA:12,1
DA:13,0
DA:17,1
DA:18,0
DA:21,1
LF:8
LH:6
BRF:0
BRH:0
end_of_record
TN:
SF:D:\stijn\school\CloudServices\EindOpdracht\KroegentochCS\models\waypoint.js
FNF:0
FNH:0
DA:1,1
DA:2,1
DA:9,1
DA:10,1
LF:4
LH:4
BRF:0
BRH:0
end_of_record
TN:
SF:D:\stijn\school\CloudServices\EindOpdracht\KroegentochCS\models\race.js
FNF:0
FNH:0
DA:1,1
DA:3,1
DA:10,1
DA:11,1
LF:4
LH:4
BRF:0
BRH:0
end_of_record
TN:
SF:D:\stijn\school\CloudServices\EindOpdracht\KroegentochCS\models\completion.js
FNF:0
FNH:0
DA:1,1
DA:3,1
DA:9,1
DA:10,1
LF:4
LH:4
BRF:0
BRH:0
end_of_record
TN:
SF:D:\stijn\school\CloudServices\EindOpdracht\KroegentochCS\routes\races.js
FN:7,getRaces
FN:11,(anonymous_2)
FN:21,addRace
FN:33,(anonymous_4)
FN:46,getRace
FN:51,(anonymous_6)
FN:62,updateRace
FN:67,(anonymous_8)
FN:79,(anonymous_9)
FN:97,deleteRace
FN:103,(anonymous_11)
FN:111,(anonymous_12)
FN:125,addUsers
FN:146,(anonymous_14)
FN:166,(anonymous_15)
FN:187,getUsers
FN:191,(anonymous_17)
FN:202,deleteUser
FN:209,(anonymous_19)
FN:215,(anonymous_20)
FN:229,addWaypoints
FN:234,(anonymous_22)
FN:272,(anonymous_23)
FN:291,deleteWaypoint
FN:296,(anonymous_25)
FN:302,(anonymous_26)
FN:316,addCheckedinUser
FN:330,(anonymous_28)
FN:343,getCheckedinUsers
FN:350,(anonymous_30)
FNF:30
FNH:2
FNDA:0,getRaces
FNDA:0,(anonymous_2)
FNDA:1,addRace
FNDA:0,(anonymous_4)
FNDA:0,getRace
FNDA:0,(anonymous_6)
FNDA:1,updateRace
FNDA:0,(anonymous_8)
FNDA:0,(anonymous_9)
FNDA:0,deleteRace
FNDA:0,(anonymous_11)
FNDA:0,(anonymous_12)
FNDA:0,addUsers
FNDA:0,(anonymous_14)
FNDA:0,(anonymous_15)
FNDA:0,getUsers
FNDA:0,(anonymous_17)
FNDA:0,deleteUser
FNDA:0,(anonymous_19)
FNDA:0,(anonymous_20)
FNDA:0,addWaypoints
FNDA:0,(anonymous_22)
FNDA:0,(anonymous_23)
FNDA:0,deleteWaypoint
FNDA:0,(anonymous_25)
FNDA:0,(anonymous_26)
FNDA:0,addCheckedinUser
FNDA:0,(anonymous_28)
FNDA:0,getCheckedinUsers
FNDA:0,(anonymous_30)
DA:1,1
DA:2,1
DA:3,1
DA:4,1
DA:5,1
DA:7,1
DA:8,0
DA:12,0
DA:13,0
DA:14,0
DA:16,0
DA:21,1
DA:22,1
DA:23,1
DA:25,0
DA:26,0
DA:28,0
DA:33,0
DA:34,0
DA:35,0
DA:36,0
DA:38,0
DA:39,0
DA:46,1
DA:47,0
DA:52,0
DA:53,0
DA:54,0
DA:56,0
DA:57,0
DA:62,1
DA:63,1
DA:64,1
DA:67,0
DA:68,0
DA:69,0
DA:70,0
DA:71,0
DA:75,0
DA:77,0
DA:78,0
DA:79,0
DA:80,0
DA:81,0
DA:82,0
DA:84,0
DA:85,0
DA:89,0
DA:90,0
DA:97,1
DA:98,0
DA:99,0
DA:100,0
DA:103,0
DA:104,0
DA:105,0
DA:106,0
DA:107,0
DA:111,0
DA:112,0
DA:113,0
DA:114,0
DA:116,0
DA:117,0
DA:125,1
DA:126,0
DA:127,0
DA:128,0
DA:130,0
DA:133,0
DA:134,0
DA:135,0
DA:136,0
DA:138,0
DA:142,0
DA:143,0
DA:147,0
DA:148,0
DA:149,0
DA:150,0
DA:151,0
DA:152,0
DA:155,0
DA:156,0
DA:157,0
DA:158,0
DA:163,0
DA:166,0
DA:167,0
DA:168,0
DA:169,0
DA:170,0
DA:171,0
DA:173,0
DA:174,0
DA:178,0
DA:182,0
DA:183,0
DA:187,1
DA:188,0
DA:192,0
DA:193,0
DA:194,0
DA:196,0
DA:197,0
DA:202,1
DA:203,0
DA:204,0
DA:207,0
DA:209,0
DA:210,0
DA:211,0
DA:212,0
DA:213,0
DA:215,0
DA:216,0
DA:217,0
DA:218,0
DA:220,0
DA:221,0
DA:229,1
DA:230,0
DA:231,0
DA:234,0
DA:235,0
DA:236,0
DA:237,0
DA:238,0
DA:240,0
DA:264,0
DA:265,0
DA:266,0
DA:267,0
DA:270,0
DA:272,0
DA:273,0
DA:274,0
DA:275,0
DA:277,0
DA:278,0
DA:282,0
DA:283,0
DA:291,1
DA:292,0
DA:293,0
DA:296,0
DA:297,0
DA:298,0
DA:299,0
DA:300,0
DA:302,0
DA:303,0
DA:304,0
DA:305,0
DA:307,0
DA:308,0
DA:316,1
DA:317,0
DA:318,0
DA:320,0
DA:321,0
DA:323,0
DA:324,0
DA:325,0
DA:330,0
DA:331,0
DA:332,0
DA:333,0
DA:335,0
DA:336,0
DA:343,1
DA:344,0
DA:345,0
DA:347,0
DA:348,0
DA:351,0
DA:352,0
DA:353,0
DA:355,0
DA:356,0
DA:363,1
DA:367,1
DA:373,1
DA:377,1
DA:381,1
DA:383,1
DA:387,1
DA:391,1
LF:188
LH:29
BRDA:12,1,0,0
BRDA:12,1,1,0
BRDA:22,2,0,1
BRDA:22,2,1,0
BRDA:34,3,0,0
BRDA:34,3,1,0
BRDA:52,4,0,0
BRDA:52,4,1,0
BRDA:63,5,0,1
BRDA:63,5,1,0
BRDA:68,6,0,0
BRDA:68,6,1,0
BRDA:69,7,0,0
BRDA:69,7,1,0
BRDA:77,8,0,0
BRDA:77,8,1,0
BRDA:80,9,0,0
BRDA:80,9,1,0
BRDA:99,10,0,0
BRDA:99,10,1,0
BRDA:104,11,0,0
BRDA:104,11,1,0
BRDA:105,12,0,0
BRDA:105,12,1,0
BRDA:112,13,0,0
BRDA:112,13,1,0
BRDA:127,14,0,0
BRDA:127,14,1,0
BRDA:133,15,0,0
BRDA:133,15,1,0
BRDA:135,16,0,0
BRDA:135,16,1,0
BRDA:149,17,0,0
BRDA:149,17,1,0
BRDA:150,18,0,0
BRDA:150,18,1,0
BRDA:156,19,0,0
BRDA:156,19,1,0
BRDA:163,20,0,0
BRDA:163,20,1,0
BRDA:167,21,0,0
BRDA:167,21,1,0
BRDA:170,22,0,0
BRDA:170,22,1,0
BRDA:192,23,0,0
BRDA:192,23,1,0
BRDA:203,24,0,0
BRDA:203,24,1,0
BRDA:210,25,0,0
BRDA:210,25,1,0
BRDA:211,26,0,0
BRDA:211,26,1,0
BRDA:211,27,0,0
BRDA:211,27,1,0
BRDA:216,28,0,0
BRDA:216,28,1,0
BRDA:230,29,0,0
BRDA:230,29,1,0
BRDA:235,30,0,0
BRDA:235,30,1,0
BRDA:236,31,0,0
BRDA:236,31,1,0
BRDA:264,32,0,0
BRDA:264,32,1,0
BRDA:266,33,0,0
BRDA:266,33,1,0
BRDA:273,34,0,0
BRDA:273,34,1,0
BRDA:292,35,0,0
BRDA:292,35,1,0
BRDA:297,36,0,0
BRDA:297,36,1,0
BRDA:298,37,0,0
BRDA:298,37,1,0
BRDA:303,38,0,0
BRDA:303,38,1,0
BRDA:317,39,0,0
BRDA:317,39,1,0
BRDA:324,40,0,0
BRDA:324,40,1,0
BRDA:331,41,0,0
BRDA:331,41,1,0
BRDA:344,42,0,0
BRDA:344,42,1,0
BRDA:351,43,0,0
BRDA:351,43,1,0
BRF:86
BRH:2
end_of_record
TN:
SF:D:\stijn\school\CloudServices\EindOpdracht\KroegentochCS\routes\waypoints.js
FN:6,getWaypoints
FN:7,(anonymous_2)
FN:19,addWaypoint
FN:26,(anonymous_4)
FN:43,getWaypoint
FN:44,(anonymous_6)
FN:56,updateWaypoint
FN:65,(anonymous_8)
FN:80,deleteWaypoint
FN:81,(anonymous_10)
FNF:10
FNH:6
FNDA:1,getWaypoints
FNDA:1,(anonymous_2)
FNDA:0,addWaypoint
FNDA:0,(anonymous_4)
FNDA:2,getWaypoint
FNDA:2,(anonymous_6)
FNDA:0,updateWaypoint
FNDA:0,(anonymous_8)
FNDA:1,deleteWaypoint
FNDA:1,(anonymous_10)
DA:1,1
DA:2,1
DA:3,1
DA:4,1
DA:6,1
DA:7,1
DA:8,1
DA:9,0
DA:10,0
DA:13,1
DA:14,1
DA:19,1
DA:20,0
DA:21,0
DA:22,0
DA:24,0
DA:25,0
DA:26,0
DA:27,0
DA:28,0
DA:29,0
DA:32,0
DA:33,0
DA:37,0
DA:38,0
DA:43,1
DA:44,2
DA:45,2
DA:46,2
DA:47,2
DA:50,0
DA:51,0
DA:56,1
DA:57,0
DA:58,0
DA:60,0
DA:61,0
DA:62,0
DA:63,0
DA:65,0
DA:66,0
DA:67,0
DA:68,0
DA:70,0
DA:71,0
DA:75,0
DA:76,0
DA:80,1
DA:81,1
DA:82,1
DA:83,1
DA:84,1
DA:86,0
DA:87,0
DA:94,1
DA:98,1
DA:105,1
LF:57
LH:24
BRDA:8,1,0,0
BRDA:8,1,1,1
BRDA:24,2,0,0
BRDA:24,2,1,0
BRDA:24,3,0,0
BRDA:24,3,1,0
BRDA:24,3,2,0
BRDA:27,4,0,0
BRDA:27,4,1,0
BRDA:45,5,0,2
BRDA:45,5,1,0
BRDA:60,6,0,0
BRDA:60,6,1,0
BRDA:60,7,0,0
BRDA:60,7,1,0
BRDA:62,8,0,0
BRDA:62,8,1,0
BRDA:63,9,0,0
BRDA:63,9,1,0
BRDA:66,10,0,0
BRDA:66,10,1,0
BRDA:82,11,0,1
BRDA:82,11,1,0
BRF:23
BRH:3
end_of_record
TN:
SF:D:\stijn\school\CloudServices\EindOpdracht\KroegentochCS\routes\routes.js
FN:1,(anonymous_1)
FN:23,(anonymous_2)
FN:31,(anonymous_3)
FNF:3
FNH:0
FNDA:0,(anonymous_1)
FNDA:0,(anonymous_2)
FNDA:0,(anonymous_3)
DA:1,1
DA:2,0
DA:3,0
DA:4,0
DA:5,0
DA:6,0
DA:7,0
DA:8,0
DA:9,0
DA:10,0
DA:11,0
DA:12,0
DA:13,0
DA:14,0
DA:15,0
DA:17,0
DA:23,0
DA:24,0
DA:25,0
DA:31,0
DA:32,0
DA:33,0
DA:37,1
LF:23
LH:2
BRF:0
BRH:0
end_of_record
TN:
SF:D:\stijn\school\CloudServices\EindOpdracht\KroegentochCS\config\database.js
FNF:0
FNH:0
DA:1,1
LF:1
LH:1
BRF:0
BRH:0
end_of_record
