TN:
SF:/Users/diedeexterkate/Documents/github/KroegentochCS/models/models.js
FN:1,(anonymous_1)
FNF:1
FNH:1
FNDA:1,(anonymous_1)
DA:1,1
DA:2,1
DA:3,1
DA:4,1
DA:5,1
DA:8,1
LF:6
LH:6
BRF:0
BRH:0
end_of_record
TN:
SF:/Users/diedeexterkate/Documents/github/KroegentochCS/models/user.js
FN:12,(anonymous_1)
FN:17,(anonymous_2)
FNF:2
FNH:0
FNDA:0,(anonymous_1)
FNDA:0,(anonymous_2)
DA:1,1
DA:2,1
DA:4,1
DA:12,1
DA:13,0
DA:17,1
DA:18,0
DA:21,1
LF:8
LH:6
BRF:0
BRH:0
end_of_record
TN:
SF:/Users/diedeexterkate/Documents/github/KroegentochCS/models/waypoint_frontend.js
FNF:0
FNH:0
DA:1,1
DA:2,1
DA:9,1
DA:10,1
LF:4
LH:4
BRF:0
BRH:0
end_of_record
TN:
SF:/Users/diedeexterkate/Documents/github/KroegentochCS/models/race_frontend.js
FNF:0
FNH:0
DA:1,1
DA:3,1
DA:11,1
DA:12,1
LF:4
LH:4
BRF:0
BRH:0
end_of_record
TN:
SF:/Users/diedeexterkate/Documents/github/KroegentochCS/models/completion.js
FNF:0
FNH:0
DA:1,1
DA:3,1
DA:9,1
DA:10,1
LF:4
LH:4
BRF:0
BRH:0
end_of_record
TN:
SF:/Users/diedeexterkate/Documents/github/KroegentochCS/routes/races.js
FN:7,getRaces
FN:11,(anonymous_2)
FN:21,addRace
FN:34,(anonymous_4)
FN:47,getRace
FN:52,(anonymous_6)
FN:63,updateRace
FN:68,(anonymous_8)
FN:83,(anonymous_9)
FN:100,deleteRace
FN:105,(anonymous_11)
FN:113,(anonymous_12)
FN:127,addUsers
FN:148,(anonymous_14)
FN:168,(anonymous_15)
FN:189,getUsers
FN:193,(anonymous_17)
FN:204,deleteUser
FN:211,(anonymous_19)
FN:217,(anonymous_20)
FN:231,addWaypoints
FN:236,(anonymous_22)
FN:274,(anonymous_23)
FN:293,deleteWaypoint
FN:298,(anonymous_25)
FN:304,(anonymous_26)
FN:318,addCheckedinUser
FN:332,(anonymous_28)
FN:345,getCheckedinUsers
FN:353,(anonymous_30)
FN:366,(anonymous_31)
FNF:31
FNH:7
FNDA:1,getRaces
FNDA:1,(anonymous_2)
FNDA:1,addRace
FNDA:0,(anonymous_4)
FNDA:1,getRace
FNDA:1,(anonymous_6)
FNDA:1,updateRace
FNDA:0,(anonymous_8)
FNDA:0,(anonymous_9)
FNDA:1,deleteRace
FNDA:0,(anonymous_11)
FNDA:0,(anonymous_12)
FNDA:0,addUsers
FNDA:0,(anonymous_14)
FNDA:0,(anonymous_15)
FNDA:0,getUsers
FNDA:0,(anonymous_17)
FNDA:0,deleteUser
FNDA:0,(anonymous_19)
FNDA:0,(anonymous_20)
FNDA:0,addWaypoints
FNDA:0,(anonymous_22)
FNDA:0,(anonymous_23)
FNDA:0,deleteWaypoint
FNDA:0,(anonymous_25)
FNDA:0,(anonymous_26)
FNDA:0,addCheckedinUser
FNDA:0,(anonymous_28)
FNDA:0,getCheckedinUsers
FNDA:0,(anonymous_30)
FNDA:0,(anonymous_31)
DA:1,1
DA:2,1
DA:3,1
DA:4,1
DA:5,1
DA:7,1
DA:8,1
DA:12,1
DA:13,0
DA:14,0
DA:16,1
DA:21,1
DA:22,1
DA:23,1
DA:24,1
DA:26,0
DA:27,0
DA:29,0
DA:34,0
DA:35,0
DA:36,0
DA:37,0
DA:39,0
DA:40,0
DA:47,1
DA:48,1
DA:53,1
DA:54,1
DA:55,1
DA:57,0
DA:58,0
DA:63,1
DA:64,1
DA:65,1
DA:68,0
DA:69,0
DA:70,0
DA:71,0
DA:72,0
DA:76,0
DA:77,0
DA:78,0
DA:79,0
DA:81,0
DA:83,0
DA:84,0
DA:85,0
DA:86,0
DA:88,0
DA:89,0
DA:93,0
DA:94,0
DA:100,1
DA:101,1
DA:102,1
DA:105,0
DA:106,0
DA:107,0
DA:108,0
DA:109,0
DA:113,0
DA:114,0
DA:115,0
DA:116,0
DA:118,0
DA:119,0
DA:127,1
DA:128,0
DA:129,0
DA:130,0
DA:132,0
DA:135,0
DA:136,0
DA:137,0
DA:138,0
DA:140,0
DA:144,0
DA:145,0
DA:149,0
DA:150,0
DA:151,0
DA:152,0
DA:153,0
DA:154,0
DA:157,0
DA:158,0
DA:159,0
DA:160,0
DA:165,0
DA:168,0
DA:169,0
DA:170,0
DA:171,0
DA:172,0
DA:173,0
DA:175,0
DA:176,0
DA:180,0
DA:184,0
DA:185,0
DA:189,1
DA:190,0
DA:194,0
DA:195,0
DA:196,0
DA:198,0
DA:199,0
DA:204,1
DA:205,0
DA:206,0
DA:209,0
DA:211,0
DA:212,0
DA:213,0
DA:214,0
DA:215,0
DA:217,0
DA:218,0
DA:219,0
DA:220,0
DA:222,0
DA:223,0
DA:231,1
DA:232,0
DA:233,0
DA:236,0
DA:237,0
DA:238,0
DA:239,0
DA:240,0
DA:242,0
DA:266,0
DA:267,0
DA:268,0
DA:269,0
DA:272,0
DA:274,0
DA:275,0
DA:276,0
DA:277,0
DA:279,0
DA:280,0
DA:284,0
DA:285,0
DA:293,1
DA:294,0
DA:295,0
DA:298,0
DA:299,0
DA:300,0
DA:301,0
DA:302,0
DA:304,0
DA:305,0
DA:306,0
DA:307,0
DA:309,0
DA:310,0
DA:318,1
DA:319,0
DA:320,0
DA:322,0
DA:323,0
DA:325,0
DA:326,0
DA:327,0
DA:332,0
DA:333,0
DA:334,0
DA:335,0
DA:337,0
DA:338,0
DA:345,1
DA:346,0
DA:347,0
DA:349,0
DA:353,0
DA:354,0
DA:355,0
DA:356,0
DA:358,0
DA:359,0
DA:364,0
DA:367,0
DA:368,0
DA:369,0
DA:371,0
DA:372,0
DA:379,1
DA:383,1
DA:389,1
DA:393,1
DA:397,1
DA:399,1
DA:403,1
DA:407,1
LF:196
LH:39
BRDA:12,1,0,0
BRDA:12,1,1,1
BRDA:23,2,0,1
BRDA:23,2,1,0
BRDA:35,3,0,0
BRDA:35,3,1,0
BRDA:53,4,0,1
BRDA:53,4,1,0
BRDA:64,5,0,1
BRDA:64,5,1,0
BRDA:69,6,0,0
BRDA:69,6,1,0
BRDA:70,7,0,0
BRDA:70,7,1,0
BRDA:78,8,0,0
BRDA:78,8,1,0
BRDA:84,9,0,0
BRDA:84,9,1,0
BRDA:101,10,0,1
BRDA:101,10,1,0
BRDA:106,11,0,0
BRDA:106,11,1,0
BRDA:107,12,0,0
BRDA:107,12,1,0
BRDA:114,13,0,0
BRDA:114,13,1,0
BRDA:129,14,0,0
BRDA:129,14,1,0
BRDA:135,15,0,0
BRDA:135,15,1,0
BRDA:137,16,0,0
BRDA:137,16,1,0
BRDA:151,17,0,0
BRDA:151,17,1,0
BRDA:152,18,0,0
BRDA:152,18,1,0
BRDA:158,19,0,0
BRDA:158,19,1,0
BRDA:165,20,0,0
BRDA:165,20,1,0
BRDA:169,21,0,0
BRDA:169,21,1,0
BRDA:172,22,0,0
BRDA:172,22,1,0
BRDA:194,23,0,0
BRDA:194,23,1,0
BRDA:205,24,0,0
BRDA:205,24,1,0
BRDA:212,25,0,0
BRDA:212,25,1,0
BRDA:213,26,0,0
BRDA:213,26,1,0
BRDA:213,27,0,0
BRDA:213,27,1,0
BRDA:218,28,0,0
BRDA:218,28,1,0
BRDA:232,29,0,0
BRDA:232,29,1,0
BRDA:237,30,0,0
BRDA:237,30,1,0
BRDA:238,31,0,0
BRDA:238,31,1,0
BRDA:266,32,0,0
BRDA:266,32,1,0
BRDA:268,33,0,0
BRDA:268,33,1,0
BRDA:275,34,0,0
BRDA:275,34,1,0
BRDA:294,35,0,0
BRDA:294,35,1,0
BRDA:299,36,0,0
BRDA:299,36,1,0
BRDA:300,37,0,0
BRDA:300,37,1,0
BRDA:305,38,0,0
BRDA:305,38,1,0
BRDA:319,39,0,0
BRDA:319,39,1,0
BRDA:326,40,0,0
BRDA:326,40,1,0
BRDA:333,41,0,0
BRDA:333,41,1,0
BRDA:346,42,0,0
BRDA:346,42,1,0
BRDA:354,43,0,0
BRDA:354,43,1,0
BRDA:358,44,0,0
BRDA:358,44,1,0
BRDA:367,45,0,0
BRDA:367,45,1,0
BRF:90
BRH:5
end_of_record
TN:
SF:/Users/diedeexterkate/Documents/github/KroegentochCS/routes/routes.js
FN:1,(anonymous_1)
FN:29,(anonymous_2)
FNF:2
FNH:0
FNDA:0,(anonymous_1)
FNDA:0,(anonymous_2)
DA:1,1
DA:2,0
DA:3,0
DA:4,0
DA:5,0
DA:6,0
DA:7,0
DA:8,0
DA:9,0
DA:10,0
DA:11,0
DA:12,0
DA:13,0
DA:14,0
DA:15,0
DA:17,0
DA:23,0
DA:29,0
DA:30,0
DA:31,0
DA:35,1
LF:21
LH:2
BRF:0
BRH:0
end_of_record
TN:
SF:/Users/diedeexterkate/Documents/github/KroegentochCS/config/database.js
FNF:0
FNH:0
DA:1,1
LF:1
LH:1
BRF:0
BRH:0
end_of_record
